mode: atomic
github.com/devanfer02/ratemyubprof/tests/app/fixtures/user.go:21.38,37.16 3 0
github.com/devanfer02/ratemyubprof/tests/app/fixtures/user.go:37.16,38.13 1 0
github.com/devanfer02/ratemyubprof/tests/app/fixtures/user.go:41.2,43.16 2 0
github.com/devanfer02/ratemyubprof/tests/app/fixtures/user.go:43.16,44.13 1 0
github.com/devanfer02/ratemyubprof/tests/app/fixtures/user.go:47.2,57.61 4 0
github.com/devanfer02/ratemyubprof/tests/app/fixtures/user.go:57.61,58.13 1 0
github.com/devanfer02/ratemyubprof/tests/app/fixtures/user.go:61.2,61.21 1 0
github.com/devanfer02/ratemyubprof/tests/app/fixtures/user.go:61.21,64.3 2 0
github.com/devanfer02/ratemyubprof/tests/app/fixtures/util.go:3.41,4.16 1 0
github.com/devanfer02/ratemyubprof/tests/app/fixtures/util.go:4.16,5.13 1 0
github.com/devanfer02/ratemyubprof/tests/app/fixtures/util.go:7.2,7.15 1 0
github.com/devanfer02/ratemyubprof/tests/app/fixtures/util.go:10.23,11.16 1 0
github.com/devanfer02/ratemyubprof/tests/app/fixtures/util.go:11.16,12.13 1 0
github.com/devanfer02/ratemyubprof/tests/app/fixtures/user.go:21.38,37.16 3 3
github.com/devanfer02/ratemyubprof/tests/app/fixtures/user.go:37.16,38.13 1 0
github.com/devanfer02/ratemyubprof/tests/app/fixtures/user.go:41.2,43.16 2 3
github.com/devanfer02/ratemyubprof/tests/app/fixtures/user.go:43.16,44.13 1 0
github.com/devanfer02/ratemyubprof/tests/app/fixtures/user.go:47.2,57.61 4 3
github.com/devanfer02/ratemyubprof/tests/app/fixtures/user.go:57.61,58.13 1 0
github.com/devanfer02/ratemyubprof/tests/app/fixtures/user.go:61.2,61.21 1 3
github.com/devanfer02/ratemyubprof/tests/app/fixtures/user.go:61.21,64.3 2 3
github.com/devanfer02/ratemyubprof/tests/app/fixtures/util.go:3.41,4.16 1 6
github.com/devanfer02/ratemyubprof/tests/app/fixtures/util.go:4.16,5.13 1 0
github.com/devanfer02/ratemyubprof/tests/app/fixtures/util.go:7.2,7.15 1 6
github.com/devanfer02/ratemyubprof/tests/app/fixtures/util.go:10.23,11.16 1 0
github.com/devanfer02/ratemyubprof/tests/app/fixtures/util.go:11.16,12.13 1 0
